SF:c:\Dev\Minitools\CoverageGuttersAndCoverletExample\ConsumeAndProcess\EmployeeTimeCard.cs
FN:6,System.Int32 ConsumeAndProcess.EmployeeTimeCard::get_EmployeeId()
FNDA:0,System.Int32 ConsumeAndProcess.EmployeeTimeCard::get_EmployeeId()
DA:7,0
FN:7,System.DateTime ConsumeAndProcess.EmployeeTimeCard::get_PunchIn()
FNDA:0,System.DateTime ConsumeAndProcess.EmployeeTimeCard::get_PunchIn()
DA:8,0
FN:8,System.DateTime ConsumeAndProcess.EmployeeTimeCard::get_PunchOut()
FNDA:0,System.DateTime ConsumeAndProcess.EmployeeTimeCard::get_PunchOut()
DA:9,0
FN:9,System.Int32 ConsumeAndProcess.EmployeeTimeCard::get_HoursLimit()
FNDA:0,System.Int32 ConsumeAndProcess.EmployeeTimeCard::get_HoursLimit()
DA:10,0
FN:10,System.Boolean ConsumeAndProcess.EmployeeTimeCard::get_IsOvertimeAllowed()
FNDA:0,System.Boolean ConsumeAndProcess.EmployeeTimeCard::get_IsOvertimeAllowed()
DA:11,0
FN:11,System.Boolean ConsumeAndProcess.EmployeeTimeCard::get_IsValid()
FNDA:0,System.Boolean ConsumeAndProcess.EmployeeTimeCard::get_IsValid()
DA:12,0
LF:6
LH:0
BRF:0
BRH:0
FNF:6
FNH:0
end_of_record
SF:c:\Dev\Minitools\CoverageGuttersAndCoverletExample\ConsumeAndProcess\ValidateData.cs
FN:9,System.Collections.Generic.List`1<ConsumeAndProcess.EmployeeTimeCard> ConsumeAndProcess.ValidateData::Validate(System.Collections.Generic.List`1<ConsumeAndProcess.EmployeeTimeCard>)
FNDA:0,System.Collections.Generic.List`1<ConsumeAndProcess.EmployeeTimeCard> ConsumeAndProcess.ValidateData::Validate(System.Collections.Generic.List`1<ConsumeAndProcess.EmployeeTimeCard>)
DA:10,0
DA:12,0
DA:14,0
DA:15,0
DA:16,0
DA:17,0
DA:18,0
DA:19,0
DA:22,0
DA:24,0
DA:25,0
DA:26,0
DA:27,0
DA:28,0
DA:30,0
DA:31,0
DA:32,0
DA:33,0
BRDA:14,149,1,0
BRDA:16,57,0,0
BRDA:16,57,1,0
BRDA:24,102,0,0
BRDA:24,102,1,0
BRDA:24,120,0,0
BRDA:24,120,1,0
BRDA:14,149,0,0
FN:35,System.Void ConsumeAndProcess.ValidateData::InvalidateCard(System.Collections.Generic.List`1<ConsumeAndProcess.EmployeeTimeCard>,ConsumeAndProcess.EmployeeTimeCard)
FNDA:0,System.Void ConsumeAndProcess.ValidateData::InvalidateCard(System.Collections.Generic.List`1<ConsumeAndProcess.EmployeeTimeCard>,ConsumeAndProcess.EmployeeTimeCard)
DA:36,0
DA:37,0
DA:38,0
DA:39,0
LF:22
LH:0
BRF:8
BRH:0
FNF:2
FNH:0
end_of_record